<?xml version="1.0" encoding="UTF-8"?>
<testsuite xmlns:xsi="http://www.w3.org/2001/XMLSchema-instance" xsi:noNamespaceSchemaLocation="https://maven.apache.org/surefire/maven-surefire-plugin/xsd/surefire-test-report-3.0.xsd" version="3.0" name="io.helidon.examples.quickstart.se.MainTest" time="0.447" tests="5" errors="0" skipped="0" failures="0">
  <properties>
[...]
</properties>
  <testcase name="testSimpleGreet" classname="io.helidon.examples.quickstart.se.MainTest" time="0.085">
    <system-out><![CDATA[2023.07.29 15:55:08 INFO io.helidon.common.LogConfig Thread[main,5,main]: Logging at initialization configured using /Users/alberto/TRABAJO/REPOSITORIES/TECH-TALKS/helidon-talk/helidon-quickstart-se/target/classes/logging.properties
2023.07.29 15:55:08 INFO io.helidon.common.HelidonFeatures Thread[features-thread,5,main]: Helidon SE 3.2.2 features: [Config, Fault Tolerance, Health, Metrics, Tracing, Web Client, WebServer]
2023.07.29 15:55:08 INFO io.helidon.webserver.NettyWebServer Thread[nioEventLoopGroup-2-1,10,main]: Channel '@default' started: [id: 0xa59768f4, L:/[0:0:0:0:0:0:0:0]:8080]
WEB server is up! http://localhost:8080/greet
2023.07.29 15:55:09 INFO io.helidon.examples.quickstart.se.SimpleGreetService Thread[nioEventLoopGroup-3-1,10,main]: Greeting message is Hello World!
]]></system-out>
  </testcase>
  <testcase name="testGreetings" classname="io.helidon.examples.quickstart.se.MainTest" time="0.009"/>
  <testcase name="testMetrics" classname="io.helidon.examples.quickstart.se.MainTest" time="0.009"/>
  <testcase name="testHealth" classname="io.helidon.examples.quickstart.se.MainTest" time="0.026"/>
  <testcase name="testMicroprofileMetrics" classname="io.helidon.examples.quickstart.se.MainTest" time="0.007">
    <system-out><![CDATA[2023.07.29 15:55:09 INFO io.helidon.examples.quickstart.se.SimpleGreetService Thread[nioEventLoopGroup-3-2,10,main]: Greeting message is Hello World!
]]></system-out>
  </testcase>
</testsuite>